=== Getting All News (Deduplicated) ===
Fetching Top News...
Fetching World News...
Fetching US News...
Fetching Economic News...
Fetching Technology News...
Fetching Politics News...
Total news items: 28

Saved 28 news items to /news/data/2025-12-22/all_news.json

=== Getting Top News Only ===
Fetching Top News...
Title: Trump halts wind projects, including Coastal Virginia Offshore Wind, Dominion stock drops 5%
Type: Top News

Title: Why Warner Bros. Discovery shareholders might opt for Paramount's offer — and why they might not
Type: Top News

Title: Alphabet to acquire data center and energy infrastructure company Intersect
Type: Top News

Saved 3 news items to /news/data/2025-12-22/top_news.json

=== Random News Item ===
Fetching Top News...
Fetching World News...
Fetching US News...
Fetching Economic News...
Fetching Technology News...
Fetching Politics News...
Title: Space stocks rocket higher as sector optimism gains steam into 2026
Description: Space stocks have rallied in recent weeks following news that Musk's SpaceX is planning to go public next year and widespread government interest.
Type: Technology News
Saved 1 news items to /news/data/2025-12-22/random_news.json
