=== Getting All News (Deduplicated) ===
Fetching Top News...
Fetching World News...
Fetching US News...
Fetching Economic News...
Fetching Technology News...
Fetching Politics News...
Total news items: 27

Saved 27 news items to /news/data/2025-12-13/all_news.json

=== Getting Top News Only ===
Fetching Top News...
Title: End of 'The Berkshire Way'? Combs' departure isn't only big change as Buffett transition nears 
Type: Top News

Title: Trump says Kevin Warsh is at top of Fed chair candidate list, president should be consulted on rates
Type: Top News

Title: Financial fraud cost older adults up to $81.5 billion in 2024, FTC estimates — more are losing at least $100,000
Type: Top News

Saved 3 news items to /news/data/2025-12-13/top_news.json

=== Random News Item ===
Fetching Top News...
Fetching World News...
Fetching US News...
Fetching Economic News...
Fetching Technology News...
Fetching Politics News...
Title: Financial fraud cost older adults up to $81.5 billion in 2024, FTC estimates — more are losing at least $100,000
Description: From 2020 to 2024, the 60-plus age group's reported losses have jumped 300% to $2.4 billion from $600 million, according to the Federal Trade Commission.
Type: Top News
Saved 1 news items to /news/data/2025-12-13/random_news.json
