=== Getting All News (Deduplicated) ===
Fetching Top News...
Fetching World News...
Fetching US News...
Fetching Economic News...
Fetching Technology News...
Fetching Politics News...
Total news items: 25

Saved 25 news items to /news/data/2026-01-03/all_news.json

=== Getting Top News Only ===
Fetching Top News...
Title: Trump says U.S. oil companies will invest billions of dollars in Venezuela after Maduro’s overthrow
Type: Top News

Title: Trump's removal of Maduro prompts questions from Congress
Type: Top News

Title: After a bruising 2025, the Fed faces another slew of challenges in the year ahead
Type: Top News

Saved 3 news items to /news/data/2026-01-03/top_news.json

=== Random News Item ===
Fetching Top News...
Fetching World News...
Fetching US News...
Fetching Economic News...
Fetching Technology News...
Fetching Politics News...
Title: Watch Trump's full comments following the U.S. strike against Venezuela
Description: President Donald Trump is scheduled to speak Saturday morning following a stunning, large-scale attack on Venezuela overnight. 
Type: World News
Saved 1 news items to /news/data/2026-01-03/random_news.json
