=== Getting All News (Deduplicated) ===
Fetching Top News...
Fetching World News...
Fetching US News...
Fetching Economic News...
Fetching Technology News...
Fetching Politics News...
Total news items: 23

Saved 23 news items to /news/data/2025-12-16/all_news.json

=== Getting Top News Only ===
Fetching Top News...
Title: What Trump's reclassification of pot and CBD could mean for seniors, research and stocks
Type: Top News

Title: Key ACA tax credits likely to expire after House speaker blocks vote
Type: Top News

Title: Payrolls rose by 64,000 in November after falling by 105,000 in October, delayed jobs numbers show
Type: Top News

Saved 3 news items to /news/data/2025-12-16/top_news.json

=== Random News Item ===
Fetching Top News...
Fetching World News...
Fetching US News...
Fetching Economic News...
Fetching Technology News...
Fetching Politics News...
Title: Vibe coding startup Lovable's latest funding round values it at $6.6 billion, sources say
Description: Accel is participating in the round, the sources said, adding it would more than triple the valuation it achieved with its previous round in July.
Type: World News
Saved 1 news items to /news/data/2025-12-16/random_news.json
