=== Getting All News (Deduplicated) ===
Fetching Top News...
Fetching World News...
Fetching US News...
Fetching Economic News...
Fetching Technology News...
Fetching Politics News...
Total news items: 29

Saved 29 news items to /news/data/2025-12-18/all_news.json

=== Getting Top News Only ===
Fetching Top News...
Title: Trust these numbers? Economists see a lot of flaws in delayed CPI report showing downward inflation
Type: Top News

Title: Friday could be a wild day of trading on Wall Street. Here's why
Type: Top News

Title: Trump signs executive order reclassifying cannabis, opening door to broader weed access
Type: Top News

Saved 3 news items to /news/data/2025-12-18/top_news.json

=== Random News Item ===
Fetching Top News...
Fetching World News...
Fetching US News...
Fetching Economic News...
Fetching Technology News...
Fetching Politics News...
Title: Trump Media announces $6 billion merger with fusion company TAE Technologies; DJT stock soars 33%
Description: Trump Media and Technology Group announced a merger agreement with fusion power company TAE Technologies valued at more than $6 billion.
Type: Politics News
Saved 1 news items to /news/data/2025-12-18/random_news.json
