=== Getting All News (Deduplicated) ===
Fetching Top News...
Fetching World News...
Fetching US News...
Fetching Economic News...
Fetching Technology News...
Fetching Politics News...
Total news items: 27

Saved 27 news items to /news/data/2025-12-20/all_news.json

=== Getting Top News Only ===
Fetching Top News...
Title: Google was at risk of losing its dominance — until it promoted this AI executive
Type: Top News

Title: Epstein files released by DOJ
Type: Top News

Title: Abel takes over for Buffett in less than two weeks. Wall Street has some advice for new Berkshire CEO
Type: Top News

Saved 3 news items to /news/data/2025-12-20/top_news.json

=== Random News Item ===
Fetching Top News...
Fetching World News...
Fetching US News...
Fetching Economic News...
Fetching Technology News...
Fetching Politics News...
Title: U.S. seizes vessel off Venezuelan coast: Reuters
Description: The move comes just days after U.S. President Donald Trump announced a "blockade" of all sanctioned oil tankers entering and leaving Venezuela.
Type: Politics News
Saved 1 news items to /news/data/2025-12-20/random_news.json
