=== Getting All News (Deduplicated) ===
Fetching Top News...
Fetching World News...
Fetching US News...
Fetching Economic News...
Fetching Technology News...
Fetching Politics News...
Total news items: 25

Saved 25 news items to /news/data/2025-12-21/all_news.json

=== Getting Top News Only ===
Fetching Top News...
Title: Waymo pauses robotaxi service in San Francisco after blackout chaos — Musk says Tesla car service unaffected
Type: Top News

Title: Epstein files: A number of documents, including Trump photo, reportedly removed from DOJ release site
Type: Top News

Title: Disney's 'Avatar: Fire and Ash' disappoints with weak $88 million domestic opening
Type: Top News

Saved 3 news items to /news/data/2025-12-21/top_news.json

=== Random News Item ===
Fetching Top News...
Fetching World News...
Fetching US News...
Fetching Economic News...
Fetching Technology News...
Fetching Politics News...
Title: Waymo pauses robotaxi service in San Francisco after blackout chaos — Musk says Tesla car service unaffected
Description: As power outages spread Saturday, videos shared on social media appeared to show multiple Waymo vehicles stalled in traffic in different parts of San Francisco.
Type: Top News
Saved 1 news items to /news/data/2025-12-21/random_news.json
