=== Getting All News (Deduplicated) ===
Fetching Top News...
Fetching World News...
Fetching US News...
Fetching Economic News...
Fetching Technology News...
Fetching Politics News...
Total news items: 28

Saved 28 news items to /news/data/2025-12-19/all_news.json

=== Getting Top News Only ===
Fetching Top News...
Title: Nine of the largest pharma companies ink deals with Trump to lower drug prices
Type: Top News

Title: Jeffrey Epstein: Dems say DOJ breaking law with plan to release files over time
Type: Top News

Title: NY Fed President Williams says some 'technical factors' distorted November's CPI reading downward
Type: Top News

Saved 3 news items to /news/data/2025-12-19/top_news.json

=== Random News Item ===
Fetching Top News...
Fetching World News...
Fetching US News...
Fetching Economic News...
Fetching Technology News...
Fetching Politics News...
Title: European Union approves over $105 billion toward Ukraine aid package for next two years 
Description: European Union countries have agreed to allocate 90 billion euros ($105.5 billion) in aid to Ukraine for 2026 and 2027, the EU Council President said on Friday. 
Type: Politics News
Saved 1 news items to /news/data/2025-12-19/random_news.json
