=== Getting All News (Deduplicated) ===
Fetching Top News...
Fetching World News...
Fetching US News...
Fetching Economic News...
Fetching Technology News...
Fetching Politics News...
Total news items: 27

Saved 27 news items to /news/data/2025-12-08/all_news.json

=== Getting Top News Only ===
Fetching Top News...
Title: Paramount Skydance launches hostile bid for WBD 'to finish what we started,' CEO Ellison tells CNBC
Type: Top News

Title: Pressure builds on Apple and CEO Tim Cook with holiday executive shake-up
Type: Top News

Title: Former Trump lawyer Alina Habba resigns as New Jersey U.S. Attorney after disqualification
Type: Top News

Saved 3 news items to /news/data/2025-12-08/top_news.json

=== Random News Item ===
Fetching Top News...
Fetching World News...
Fetching US News...
Fetching Economic News...
Fetching Technology News...
Fetching Politics News...
Title: Paramount Skydance launches hostile bid for WBD 'to finish what we started,' CEO Ellison tells CNBC
Description: Netflix won a bidding war for the Warner Bros. film studio and HBO Max streaming service, but it doesn't plan to buy WBD's TV networks. 
Type: Top News
Saved 1 news items to /news/data/2025-12-08/random_news.json
