#0 building with "default" instance using docker driver

#1 [internal] load build definition from Dockerfile
#1 transferring dockerfile: 392B done
#1 DONE 0.0s

#2 [internal] load metadata for docker.io/library/python:3.12.9
#2 DONE 1.2s

#3 [internal] load .dockerignore
#3 transferring context: 2B done
#3 DONE 0.0s

#4 [1/5] FROM docker.io/library/python:3.12.9@sha256:4ece045a9078331fad2da10fe3313fff96cecc429365def92c540cc17d9b1579
#4 DONE 0.0s

#5 [internal] load build context
#5 transferring context: 50.88kB 0.1s done
#5 DONE 0.1s

#6 [3/5] COPY requirements.txt .
#6 CACHED

#7 [2/5] WORKDIR /news
#7 CACHED

#8 [4/5] RUN pip install -r requirements.txt
#8 CACHED

#9 [5/5] COPY . .
#9 DONE 0.3s

#10 exporting to image
#10 exporting layers 0.1s done
#10 writing image sha256:644f108f101b2760fda62d4173b8b5c333a369db689e5f7af31a86b73ef5abcb
#10 writing image sha256:644f108f101b2760fda62d4173b8b5c333a369db689e5f7af31a86b73ef5abcb 0.3s done
#10 naming to docker.io/library/news
#10 naming to docker.io/library/news done
#10 DONE 0.5s
