=== Getting All News (Deduplicated) ===
Fetching Top News...
Fetching World News...
Fetching US News...
Fetching Economic News...
Fetching Technology News...
Fetching Politics News...
Total news items: 20

Saved 20 news items to /news/data/2025-12-11/all_news.json

=== Getting Top News Only ===
Fetching Top News...
Title: The case for more Fed rate cuts could rest on a 'systematic overcount' of jobs numbers
Type: Top News

Title: Dow jumps 600 points to record as Oracle sparks rush out of AI trade into broader market: Live updates
Type: Top News

Title: Musk says SpaceX report of 2026 IPO is 'accurate'
Type: Top News

Saved 3 news items to /news/data/2025-12-11/top_news.json

=== Random News Item ===
Fetching Top News...
Fetching World News...
Fetching US News...
Fetching Economic News...
Fetching Technology News...
Fetching Politics News...
Title: Musk says SpaceX report of 2026 IPO is 'accurate'
Description: Elon Musk ally Jared Isaacman looks set to be confirmed as the new NASA administrator after President Trump re-nominated him for the role.
Type: Top News
Saved 1 news items to /news/data/2025-12-11/random_news.json
