#0 building with "default" instance using docker driver

#1 [internal] load build definition from Dockerfile
#1 transferring dockerfile: 392B done
#1 DONE 0.0s

#2 [internal] load metadata for docker.io/library/python:3.12.9
#2 DONE 1.0s

#3 [internal] load .dockerignore
#3 transferring context: 2B done
#3 DONE 0.0s

#4 [1/5] FROM docker.io/library/python:3.12.9@sha256:4ece045a9078331fad2da10fe3313fff96cecc429365def92c540cc17d9b1579
#4 DONE 0.0s

#5 [internal] load build context
#5 transferring context: 129.65kB 0.3s done
#5 DONE 0.4s

#6 [2/5] WORKDIR /news
#6 CACHED

#7 [3/5] COPY requirements.txt .
#7 CACHED

#8 [4/5] RUN pip install -r requirements.txt
#8 CACHED

#9 [5/5] COPY . .
#9 DONE 0.8s

#10 exporting to image
#10 exporting layers
#10 exporting layers 0.4s done
#10 writing image sha256:f9728e4a48b70d5e497f63183da042d3f1c89d0356f1dd4e778958ee14b00a55
#10 writing image sha256:f9728e4a48b70d5e497f63183da042d3f1c89d0356f1dd4e778958ee14b00a55 0.6s done
#10 naming to docker.io/library/news
#10 naming to docker.io/library/news done
#10 DONE 1.0s
