=== Getting All News (Deduplicated) ===
Fetching Top News...
Fetching World News...
Fetching US News...
Fetching Economic News...
Fetching Technology News...
Fetching Politics News...
Error fetching Politics News: 'NoneType' object has no attribute 'text'
Total news items: 21

Saved 21 news items to /news/data/2026-01-02/all_news.json

=== Getting Top News Only ===
Fetching Top News...
Title: Chip stocks rally to start 2026 after third-straight winning year
Type: Top News

Title: SpaceX stock debut is the big market event of 2026. Why Musk's venture could be biggest IPO ever
Type: Top News

Title: Berkshire Hathaway shares dip as Warren Buffett exits and Greg Abel era begins
Type: Top News

Saved 3 news items to /news/data/2026-01-02/top_news.json

=== Random News Item ===
Fetching Top News...
Fetching World News...
Fetching US News...
Fetching Economic News...
Fetching Technology News...
Fetching Politics News...
Error fetching Politics News: 'NoneType' object has no attribute 'text'
Title: SpaceX stock debut is the big market event of 2026. Why Musk's venture could be biggest IPO ever
Description: Investors have already thrown their weight behind the company ahead of its planned IPO.
Type: Top News
Saved 1 news items to /news/data/2026-01-02/random_news.json
