=== Getting All News (Deduplicated) ===
Fetching Top News...
Fetching World News...
Fetching US News...
Fetching Economic News...
Fetching Technology News...
Fetching Politics News...
Error fetching Politics News: 'NoneType' object has no attribute 'text'
Total news items: 23

Saved 23 news items to /news/data/2025-12-17/all_news.json

=== Getting Top News Only ===
Fetching Top News...
Title: Obamacare subsidies extension to get vote after 4 Republicans buck leadership
Type: Top News

Title: FCC chief Brendan Carr tells Senate that his agency is 'not formally ... independent' 
Type: Top News

Title: Oracle stock dips 5% on report Blue Owl Capital won't back $10 billion data center
Type: Top News

Saved 3 news items to /news/data/2025-12-17/top_news.json

=== Random News Item ===
Fetching Top News...
Fetching World News...
Fetching US News...
Fetching Economic News...
Fetching Technology News...
Fetching Politics News...
Error fetching Politics News: 'NoneType' object has no attribute 'text'
Title: Obamacare subsidies extension to get vote after 4 Republicans buck leadership
Description: Millions of Americans will face much higher health insurance premiums in 2026 if Congress does not extend boosted subsidies for Obamacare plans.
Type: Top News
Saved 1 news items to /news/data/2025-12-17/random_news.json
