=== Getting All News (Deduplicated) ===
Fetching Top News...
Fetching World News...
Fetching US News...
Fetching Economic News...
Fetching Technology News...
Fetching Politics News...
Total news items: 26

Saved 26 news items to /news/data/2025-12-10/all_news.json

=== Getting Top News Only ===
Fetching Top News...
Title: Divided Fed approves third rate cut this year, sees slower pace ahead
Type: Top News

Title: The Fed is the most divided it's been in more than a decade
Type: Top News

Title: Dow jumps 380 points after Fed rate cut as traders bet more easing is coming next year: Live updates
Type: Top News

Saved 3 news items to /news/data/2025-12-10/top_news.json

=== Random News Item ===
Fetching Top News...
Fetching World News...
Fetching US News...
Fetching Economic News...
Fetching Technology News...
Fetching Politics News...
Title: Here's what changed in the new Fed statement
Description: This is a comparison of Wednesday's Federal Open Market Committee statement with the one issued after the Fed's previous policymaking meeting in October.
Type: US News
Saved 1 news items to /news/data/2025-12-10/random_news.json
