#0 building with "default" instance using docker driver

#1 [internal] load build definition from Dockerfile
#1 transferring dockerfile: 392B done
#1 DONE 0.0s

#2 [internal] load metadata for docker.io/library/python:3.12.9
#2 DONE 0.4s

#3 [internal] load .dockerignore
#3 transferring context: 2B done
#3 DONE 0.0s

#4 [1/5] FROM docker.io/library/python:3.12.9@sha256:4ece045a9078331fad2da10fe3313fff96cecc429365def92c540cc17d9b1579
#4 CACHED

#5 [2/5] WORKDIR /news
#5 DONE 0.1s

#6 [internal] load build context
#6 transferring context: 73.61kB 0.1s done
#6 DONE 0.1s

#7 [3/5] COPY requirements.txt .
#7 DONE 0.0s

#8 [4/5] RUN pip install -r requirements.txt
#8 7.253 Collecting beautifulsoup4==4.14.2 (from -r requirements.txt (line 1))
#8 7.548   Downloading beautifulsoup4-4.14.2-py3-none-any.whl.metadata (3.8 kB)
#8 7.773 Collecting Requests==2.32.5 (from -r requirements.txt (line 2))
#8 7.818   Downloading requests-2.32.5-py3-none-any.whl.metadata (4.9 kB)
#8 9.117 Collecting lxml (from -r requirements.txt (line 3))
#8 9.167   Downloading lxml-6.0.2-cp312-cp312-manylinux_2_26_x86_64.manylinux_2_28_x86_64.whl.metadata (3.6 kB)
#8 9.313 Collecting soupsieve>1.2 (from beautifulsoup4==4.14.2->-r requirements.txt (line 1))
#8 9.361   Downloading soupsieve-2.8-py3-none-any.whl.metadata (4.6 kB)
#8 9.502 Collecting typing-extensions>=4.0.0 (from beautifulsoup4==4.14.2->-r requirements.txt (line 1))
#8 9.555   Downloading typing_extensions-4.15.0-py3-none-any.whl.metadata (3.3 kB)
#8 10.07 Collecting charset_normalizer<4,>=2 (from Requests==2.32.5->-r requirements.txt (line 2))
#8 10.11   Downloading charset_normalizer-3.4.4-cp312-cp312-manylinux2014_x86_64.manylinux_2_17_x86_64.manylinux_2_28_x86_64.whl.metadata (37 kB)
#8 10.24 Collecting idna<4,>=2.5 (from Requests==2.32.5->-r requirements.txt (line 2))
#8 10.27   Downloading idna-3.11-py3-none-any.whl.metadata (8.4 kB)
#8 10.51 Collecting urllib3<3,>=1.21.1 (from Requests==2.32.5->-r requirements.txt (line 2))
#8 10.55   Downloading urllib3-2.6.0-py3-none-any.whl.metadata (6.6 kB)
#8 10.92 Collecting certifi>=2017.4.17 (from Requests==2.32.5->-r requirements.txt (line 2))
#8 10.95   Downloading certifi-2025.11.12-py3-none-any.whl.metadata (2.5 kB)
#8 11.01 Downloading beautifulsoup4-4.14.2-py3-none-any.whl (106 kB)
#8 11.09 Downloading requests-2.32.5-py3-none-any.whl (64 kB)
#8 11.14 Downloading lxml-6.0.2-cp312-cp312-manylinux_2_26_x86_64.manylinux_2_28_x86_64.whl (5.3 MB)
#8 11.80    ━━━━━━━━━━━━━━━━━━━━━━━━━━━━━━━━━━━━━━━━ 5.3/5.3 MB 8.2 MB/s eta 0:00:00
#8 11.84 Downloading certifi-2025.11.12-py3-none-any.whl (159 kB)
#8 11.92 Downloading charset_normalizer-3.4.4-cp312-cp312-manylinux2014_x86_64.manylinux_2_17_x86_64.manylinux_2_28_x86_64.whl (153 kB)
#8 12.00 Downloading idna-3.11-py3-none-any.whl (71 kB)
#8 12.05 Downloading soupsieve-2.8-py3-none-any.whl (36 kB)
#8 12.11 Downloading typing_extensions-4.15.0-py3-none-any.whl (44 kB)
#8 12.17 Downloading urllib3-2.6.0-py3-none-any.whl (131 kB)
#8 12.38 Installing collected packages: urllib3, typing-extensions, soupsieve, lxml, idna, charset_normalizer, certifi, Requests, beautifulsoup4
#8 14.42 Successfully installed Requests-2.32.5 beautifulsoup4-4.14.2 certifi-2025.11.12 charset_normalizer-3.4.4 idna-3.11 lxml-6.0.2 soupsieve-2.8 typing-extensions-4.15.0 urllib3-2.6.0
#8 14.42 WARNING: Running pip as the 'root' user can result in broken permissions and conflicting behaviour with the system package manager, possibly rendering your system unusable.It is recommended to use a virtual environment instead: https://pip.pypa.io/warnings/venv. Use the --root-user-action option if you know what you are doing and want to suppress this warning.
#8 15.11 
#8 15.11 [notice] A new release of pip is available: 24.3.1 -> 25.3
#8 15.11 [notice] To update, run: pip install --upgrade pip
#8 DONE 15.6s

#9 [5/5] COPY . .
#9 DONE 0.1s

#10 exporting to image
#10 exporting layers
#10 exporting layers 0.9s done
#10 writing image sha256:06fe76e39a7be1251711a1552f5eb349a8a5d905e11b0c70f752dee62984a390 done
#10 naming to docker.io/library/news done
#10 DONE 1.0s
