=== Getting All News (Deduplicated) ===
Fetching Top News...
Fetching World News...
Fetching US News...
Fetching Economic News...
Fetching Technology News...
Fetching Politics News...
Error fetching Politics News: 'NoneType' object has no attribute 'text'
Total news items: 27

Saved 27 news items to /news/data/2025-12-08/all_news.json

=== Getting Top News Only ===
Fetching Top News...
Title: Trump's trade war shift away from Chinese manufacturing has reached tipping point 
Type: Top News

Title: Stock futures are little changed after Wall Street notches back-to-back winning weeks: Live updates
Type: Top News

Title: Beef prices are soaring. Here's why America is facing record-low cattle numbers
Type: Top News

Saved 3 news items to /news/data/2025-12-08/top_news.json

=== Random News Item ===
Fetching Top News...
Fetching World News...
Fetching US News...
Fetching Economic News...
Fetching Technology News...
Fetching Politics News...
Error fetching Politics News: 'NoneType' object has no attribute 'text'
Title: Bessent says U.S. will finish the year with 3% GDP growth, sees 'very strong' holiday season
Description: Treasury Secretary Scott Bessent said the economy will end the year on strong footing and said the president was disappointed in economic coverage in the media.
Type: Economic News
Saved 1 news items to /news/data/2025-12-08/random_news.json
