=== Getting All News (Deduplicated) ===
Fetching Top News...
Fetching World News...
Fetching US News...
Fetching Economic News...
Fetching Technology News...
Fetching Politics News...
Total news items: 26

Saved 26 news items to /news/data/2025-12-24/all_news.json

=== Getting Top News Only ===
Fetching Top News...
Title: These 5 infrastructure stocks have more than tripled this year on the AI trade
Type: Top News

Title: Amazon faces 'leader's dilemma' — fight AI shopping bots or join them
Type: Top News

Title: Epstein files: Senators call for audit into DOJ's release
Type: Top News

Saved 3 news items to /news/data/2025-12-24/top_news.json

=== Random News Item ===
Fetching Top News...
Fetching World News...
Fetching US News...
Fetching Economic News...
Fetching Technology News...
Fetching Politics News...
Title: China’s mineral dominance gives Western magnet makers a moment in the sun
Description: "Frankly, we were the solution to the problem that the world didn't know it had," Rahim Suleman, CEO of Canadian group Neo Performance Materials, told CNBC.
Type: World News
Saved 1 news items to /news/data/2025-12-24/random_news.json
