=== Getting All News (Deduplicated) ===
Fetching Top News...
Fetching World News...
Fetching US News...
Fetching Economic News...
Fetching Technology News...
Fetching Politics News...
Total news items: 29

Saved 29 news items to /news/data/2025-12-23/all_news.json

=== Getting Top News Only ===
Fetching Top News...
Title: Fed chair candidate Hassett says U.S. is way behind the curve on lowering interest rates
Type: Top News

Title: Citadel to return $5 billion in profit to investors, source says
Type: Top News

Title: Trump administration to start seizing pay of defaulted student loan borrowers in January 
Type: Top News

Saved 3 news items to /news/data/2025-12-23/top_news.json

=== Random News Item ===
Fetching Top News...
Fetching World News...
Fetching US News...
Fetching Economic News...
Fetching Technology News...
Fetching Politics News...
Title: November consumer prices rose at a 2.7% annual rate, lower than expected, delayed data shows
Description: Economists polled by Dow Jones expected CPI to have risen 3.1% on an annualized basis.
Type: Economic News
Saved 1 news items to /news/data/2025-12-23/random_news.json
