=== Getting All News (Deduplicated) ===
Fetching Top News...
Fetching World News...
Fetching US News...
Fetching Economic News...
Fetching Technology News...
Fetching Politics News...
Total news items: 26

Saved 26 news items to /news/data/2025-12-14/all_news.json

=== Getting Top News Only ===
Fetching Top News...
Title: Trump wants the U.S. shipbuilding industry to be great again. Here's what it will take, and what's at stake
Type: Top News

Title: Person of interest detained in Brown University shooting that killed 2 and wounded 9
Type: Top News

Title: End of 'The Berkshire Way'? Combs' departure isn't only big change as Buffett transition nears 
Type: Top News

Saved 3 news items to /news/data/2025-12-14/top_news.json

=== Random News Item ===
Fetching Top News...
Fetching World News...
Fetching US News...
Fetching Economic News...
Fetching Technology News...
Fetching Politics News...
Title: Trump wants the U.S. shipbuilding industry to be great again. Here's what it will take, and what's at stake
Description: President Donald Trump is promising a U.S. shipbuilding renaissance to rival China, but it will not happen overnight and will require allies.
Type: Top News
Saved 1 news items to /news/data/2025-12-14/random_news.json
